<?xml version="1.0" encoding="UTF-8"?>
<!-- Generated by org.testng.reporters.JUnitReportReporter -->
<testsuite hostname="UNVTKSI0022291D3C72700" failures="0" tests="1" name="Server_Jenkins_Maven.Print_String" time="3.922" errors="0" timestamp="2023-07-11T12:00:07 IST" skipped="0">
  <testcase classname="Server_Jenkins_Maven.Print_String" name="mytest" time="3.922"/>
  <system-out/>
</testsuite> <!-- Server_Jenkins_Maven.Print_String -->
